<?xml version="1.0" encoding="UTF-8"?>
<!-- Generated by org.testng.reporters.JUnitReportReporter -->
<testsuite skipped="0" hostname="DESKTOP-D1233BU" name="textScript.TC_38" tests="1" failures="0" timestamp="2021-10-07T14:08:24 IST" time="99.633" errors="0">
  <testcase name="tc_38" time="99.633" classname="textScript.TC_38"/>
  <system-out/>
</testsuite> <!-- textScript.TC_38 -->
