<?xml version="1.0" encoding="UTF-8"?>
<!-- Generated by org.testng.reporters.JUnitReportReporter -->
<testsuite skipped="0" hostname="DESKTOP-D1233BU" name="textScript.TC_36" tests="1" failures="0" timestamp="2021-10-08T10:21:41 IST" time="51.959" errors="0">
  <testcase name="tc_36" time="51.959" classname="textScript.TC_36"/>
  <system-out/>
</testsuite> <!-- textScript.TC_36 -->
