<?xml version="1.0" encoding="UTF-8"?>
<!-- Generated by org.testng.reporters.JUnitReportReporter -->
<testsuite skipped="0" hostname="DESKTOP-D1233BU" name="Practice.ExecuteUpdate" tests="1" failures="0" timestamp="2021-09-30T16:43:18 IST" time="0.024" errors="0">
  <testcase name="executeUpdate" time="0.024" classname="Practice.ExecuteUpdate"/>
  <system-out/>
</testsuite> <!-- Practice.ExecuteUpdate -->
