<?xml version="1.0" encoding="UTF-8"?>
<!-- Generated by org.testng.reporters.JUnitReportReporter -->
<testsuite skipped="0" hostname="DESKTOP-D1233BU" name="textScript.TCase_36" tests="1" failures="0" timestamp="2021-10-13T03:03:07 IST" time="47.507" errors="0">
  <testcase name="tcase_36" time="47.507" classname="textScript.TCase_36"/>
  <system-out/>
</testsuite> <!-- textScript.TCase_36 -->
