<?xml version="1.0" encoding="UTF-8"?>
<!-- Generated by org.testng.reporters.JUnitReportReporter -->
<testsuite skipped="0" hostname="DESKTOP-D1233BU" name="textScript.TC_40" tests="1" failures="0" timestamp="2021-10-07T06:17:55 IST" time="69.753" errors="0">
  <testcase name="tc_40" time="69.753" classname="textScript.TC_40"/>
  <system-out/>
</testsuite> <!-- textScript.TC_40 -->
