<?xml version="1.0" encoding="UTF-8"?>
<!-- Generated by org.testng.reporters.JUnitReportReporter -->
<testsuite skipped="0" hostname="DESKTOP-D1233BU" name="textScript.TC_40SearchLeadByClickingOnCompany" tests="1" failures="0" timestamp="2021-10-07T06:38:38 IST" time="102.375" errors="0">
  <testcase name="SearchLeadByClickingOnLastName" time="102.375" classname="textScript.TC_40SearchLeadByClickingOnCompany"/>
  <system-out/>
</testsuite> <!-- textScript.TC_40SearchLeadByClickingOnCompany -->
