<?xml version="1.0" encoding="UTF-8"?>
<!-- Generated by org.testng.reporters.JUnitReportReporter -->
<testsuite skipped="0" hostname="DESKTOP-D1233BU" name="Demo.ReadDataFromJsonFile" tests="1" failures="0" timestamp="2021-10-07T06:08:45 IST" time="0.001" errors="0">
  <testcase name="getDataFromJson" time="0.001" classname="Demo.ReadDataFromJsonFile"/>
  <system-out/>
</testsuite> <!-- Demo.ReadDataFromJsonFile -->
