<?xml version="1.0" encoding="UTF-8"?>
<!-- Generated by org.testng.reporters.JUnitReportReporter -->
<testsuite skipped="0" hostname="DESKTOP-D1233BU" name="textScript.TC_36ConvertLeadToOpertuinitiesBySelectingAllTheCheckboxsAndChangeLastName" tests="1" failures="0" timestamp="2021-10-07T06:08:45 IST" time="68.175" errors="0">
  <testcase name="convertLeadToOpportuinities" time="68.175" classname="textScript.TC_36ConvertLeadToOpertuinitiesBySelectingAllTheCheckboxsAndChangeLastName"/>
  <system-out/>
</testsuite> <!-- textScript.TC_36ConvertLeadToOpertuinitiesBySelectingAllTheCheckboxsAndChangeLastName -->
