<?xml version="1.0" encoding="UTF-8"?>
<!-- Generated by org.testng.reporters.JUnitReportReporter -->
<testsuite skipped="0" hostname="DESKTOP-D1233BU" name="textScript.TCase_39" tests="1" failures="0" timestamp="2021-10-13T11:18:01 IST" time="89.453" errors="0">
  <testcase name="tcase_39" time="89.453" classname="textScript.TCase_39"/>
  <system-out/>
</testsuite> <!-- textScript.TCase_39 -->
