<?xml version="1.0" encoding="UTF-8"?>
<!-- Generated by org.testng.reporters.JUnitReportReporter -->
<testsuite skipped="0" hostname="DESKTOP-D1233BU" name="textScript.TC_39SearchLeadByClickingOnFirstName" tests="1" failures="0" timestamp="2021-10-07T06:32:15 IST" time="72.953" errors="0">
  <testcase name="SearchLeadByClickingOnLastName" time="72.953" classname="textScript.TC_39SearchLeadByClickingOnFirstName"/>
  <system-out/>
</testsuite> <!-- textScript.TC_39SearchLeadByClickingOnFirstName -->
